<?xml version="1.0" encoding="UTF-8"?>
<testsuites>
  <testsuite name="C:\Users\Nick\Documents\!Code\lyricsborne\Backend\src" tests="25" assertions="25" failures="1" errors="0" time="102.428598">
    <testsuite name="ArtistTest" file="C:\Users\Nick\Documents\!Code\lyricsborne\Backend\src\ArtistTest.php" tests="9" assertions="9" failures="0" errors="0" time="0.005600">
      <testcase name="testGetIDReturnsValidID" class="ArtistTest" file="C:\Users\Nick\Documents\!Code\lyricsborne\Backend\src\ArtistTest.php" line="15" assertions="1" time="0.004789"/>
      <testcase name="testGetIDInvalidIDReturnsNULL" class="ArtistTest" file="C:\Users\Nick\Documents\!Code\lyricsborne\Backend\src\ArtistTest.php" line="24" assertions="1" time="0.000366"/>
      <testcase name="testGetNameReturnsValidName" class="ArtistTest" file="C:\Users\Nick\Documents\!Code\lyricsborne\Backend\src\ArtistTest.php" line="34" assertions="1" time="0.000032"/>
      <testcase name="testGetNameInvalidNameReturnsNULL" class="ArtistTest" file="C:\Users\Nick\Documents\!Code\lyricsborne\Backend\src\ArtistTest.php" line="43" assertions="1" time="0.000019"/>
      <testcase name="testAddSongSingleAddReturnsSingleSong" class="ArtistTest" file="C:\Users\Nick\Documents\!Code\lyricsborne\Backend\src\ArtistTest.php" line="53" assertions="1" time="0.000028"/>
      <testcase name="testAddSongMultipleAddReturnsMultipleSongs" class="ArtistTest" file="C:\Users\Nick\Documents\!Code\lyricsborne\Backend\src\ArtistTest.php" line="62" assertions="1" time="0.000024"/>
      <testcase name="testAddSongNothingAddedReturnsEmpty" class="ArtistTest" file="C:\Users\Nick\Documents\!Code\lyricsborne\Backend\src\ArtistTest.php" line="73" assertions="1" time="0.000299"/>
      <testcase name="testGetImageLinkReturnsValidLink" class="ArtistTest" file="C:\Users\Nick\Documents\!Code\lyricsborne\Backend\src\ArtistTest.php" line="80" assertions="1" time="0.000025"/>
      <testcase name="testGetImageLinkInvalidReturnsNULL" class="ArtistTest" file="C:\Users\Nick\Documents\!Code\lyricsborne\Backend\src\ArtistTest.php" line="89" assertions="1" time="0.000018"/>
    </testsuite>
    <testsuite name="ProcessDataTest" file="C:\Users\Nick\Documents\!Code\lyricsborne\Backend\src\ProcessDataTest.php" tests="8" assertions="8" failures="1" errors="0" time="102.422499">
      <testcase name="testSearchArtistReturnsSearchResult" class="ProcessDataTest" file="C:\Users\Nick\Documents\!Code\lyricsborne\Backend\src\ProcessDataTest.php" line="7" assertions="1" time="0.769086"/>
      <testcase name="testSearchArtistNoArtistFoundReturnsEmptyArray" class="ProcessDataTest" file="C:\Users\Nick\Documents\!Code\lyricsborne\Backend\src\ProcessDataTest.php" line="14" assertions="1" time="0.363113"/>
      <testcase name="testGenerateCloudReturnsAMap" class="ProcessDataTest" file="C:\Users\Nick\Documents\!Code\lyricsborne\Backend\src\ProcessDataTest.php" line="21" assertions="1" time="25.166920"/>
      <testcase name="testGenerateCloudEmptyReturnsAError" class="ProcessDataTest" file="C:\Users\Nick\Documents\!Code\lyricsborne\Backend\src\ProcessDataTest.php" line="29" assertions="1" time="0.405631"/>
      <testcase name="testGetSongsReturnsSongs" class="ProcessDataTest" file="C:\Users\Nick\Documents\!Code\lyricsborne\Backend\src\ProcessDataTest.php" line="37" assertions="1" time="36.976628"/>
      <testcase name="testGetSongsReturnsEmptyOnNonexistentWordQuery" class="ProcessDataTest" file="C:\Users\Nick\Documents\!Code\lyricsborne\Backend\src\ProcessDataTest.php" line="46" assertions="1" time="23.999146"/>
      <testcase name="testGetLyricsReturnsLyricsIfOneArtistInCloud" class="ProcessDataTest" file="C:\Users\Nick\Documents\!Code\lyricsborne\Backend\src\ProcessDataTest.php" line="55" assertions="1" time="8.219528">
        <failure type="PHPUnit_Framework_ExpectationFailedException">ProcessDataTest::testGetLyricsReturnsLyricsIfOneArtistInCloud
Failed asserting that a NULL is not empty.

C:\Users\Nick\Documents\!Code\lyricsborne\Backend\vendor\phpunit\phpunit\PHPUnit\Framework\Constraint.php:144
C:\Users\Nick\Documents\!Code\lyricsborne\Backend\vendor\phpunit\phpunit\PHPUnit\Framework\Constraint\Not.php:139
C:\Users\Nick\Documents\!Code\lyricsborne\Backend\vendor\phpunit\phpunit\PHPUnit\Framework\Assert.php:2137
C:\Users\Nick\Documents\!Code\lyricsborne\Backend\vendor\phpunit\phpunit\PHPUnit\Framework\Assert.php:589
C:\Users\Nick\Documents\!Code\lyricsborne\Backend\src\ProcessDataTest.php:61
C:\Users\Nick\Documents\!Code\lyricsborne\Backend\vendor\phpunit\phpunit\PHPUnit\Framework\TestCase.php:987
C:\Users\Nick\Documents\!Code\lyricsborne\Backend\vendor\phpunit\phpunit\PHPUnit\Framework\TestCase.php:838
C:\Users\Nick\Documents\!Code\lyricsborne\Backend\vendor\phpunit\phpunit\PHPUnit\Framework\TestResult.php:648
C:\Users\Nick\Documents\!Code\lyricsborne\Backend\vendor\phpunit\phpunit\PHPUnit\Framework\TestCase.php:783
C:\Users\Nick\Documents\!Code\lyricsborne\Backend\vendor\phpunit\phpunit\PHPUnit\Framework\TestSuite.php:779
C:\Users\Nick\Documents\!Code\lyricsborne\Backend\vendor\phpunit\phpunit\PHPUnit\Framework\TestSuite.php:749
C:\Users\Nick\Documents\!Code\lyricsborne\Backend\vendor\phpunit\phpunit\PHPUnit\Framework\TestSuite.php:707
C:\Users\Nick\Documents\!Code\lyricsborne\Backend\vendor\phpunit\phpunit\PHPUnit\TextUI\TestRunner.php:349
C:\Users\Nick\Documents\!Code\lyricsborne\Backend\vendor\phpunit\phpunit\PHPUnit\TextUI\Command.php:176
</failure>
      </testcase>
      <testcase name="testGetLyricsReturnsLyricsIfMultipleArtistInCloud" class="ProcessDataTest" file="C:\Users\Nick\Documents\!Code\lyricsborne\Backend\src\ProcessDataTest.php" line="64" assertions="1" time="6.522448"/>
    </testsuite>
    <testsuite name="SongTest" file="C:\Users\Nick\Documents\!Code\lyricsborne\Backend\src\SongTest.php" tests="8" assertions="8" failures="0" errors="0" time="0.000499">
      <testcase name="testGetTitleReturnsTitle" class="SongTest" file="C:\Users\Nick\Documents\!Code\lyricsborne\Backend\src\SongTest.php" line="7" assertions="1" time="0.000102"/>
      <testcase name="testGetTitleNonExistingTitleReturnsNULL" class="SongTest" file="C:\Users\Nick\Documents\!Code\lyricsborne\Backend\src\SongTest.php" line="14" assertions="1" time="0.000044"/>
      <testcase name="testGetLyricsLinkReturnsLink" class="SongTest" file="C:\Users\Nick\Documents\!Code\lyricsborne\Backend\src\SongTest.php" line="20" assertions="1" time="0.000048"/>
      <testcase name="testGetLyricsLinkNonExistingLyricsReturnsNULL" class="SongTest" file="C:\Users\Nick\Documents\!Code\lyricsborne\Backend\src\SongTest.php" line="27" assertions="1" time="0.000039"/>
      <testcase name="testGetOccurenceOfReturnsOccurenceForInputWord" class="SongTest" file="C:\Users\Nick\Documents\!Code\lyricsborne\Backend\src\SongTest.php" line="33" assertions="1" time="0.000065"/>
      <testcase name="testGetOccurenceOfReturnsOccurenceForNonexistingInputWord" class="SongTest" file="C:\Users\Nick\Documents\!Code\lyricsborne\Backend\src\SongTest.php" line="40" assertions="1" time="0.000058"/>
      <testcase name="testGetArtistReturnsArtist" class="SongTest" file="C:\Users\Nick\Documents\!Code\lyricsborne\Backend\src\SongTest.php" line="47" assertions="1" time="0.000080"/>
      <testcase name="testGetArtistNonExistringArtistReturnsNULL" class="SongTest" file="C:\Users\Nick\Documents\!Code\lyricsborne\Backend\src\SongTest.php" line="57" assertions="1" time="0.000063"/>
    </testsuite>
  </testsuite>
</testsuites>
